<?xml version="1.0" encoding="UTF-8"?>
<testng-results ignored="0" total="2" passed="2" failed="0" skipped="0">
  <reporter-output>
  </reporter-output>
  <suite started-at="2024-07-24T23:09:12 IST" name="Default suite" finished-at="2024-07-24T23:09:44 IST" duration-ms="31191">
    <groups>
      <group name="cucumber">
        <method signature="AbstractTestNGCucumberTests.runScenario(io.cucumber.testng.PickleWrapper,io.cucumber.testng.FeatureWrapper)[pri:0, instance:Runner.Runner@1ce24091]" name="runScenario" class="io.cucumber.testng.AbstractTestNGCucumberTests"/>
      </group> <!-- cucumber -->
    </groups>
    <test started-at="2024-07-24T23:09:12 IST" name="Default test" finished-at="2024-07-24T23:09:44 IST" duration-ms="31191">
      <class name="Runner.Runner">
        <test-method is-config="true" signature="setUpClass(org.testng.ITestContext)[pri:0, instance:Runner.Runner@1ce24091]" started-at="2024-07-24T23:09:12 IST" name="setUpClass" finished-at="2024-07-24T23:09:13 IST" duration-ms="266" status="PASS">
          <params>
            <param index="0">
              <value>
                <![CDATA[org.testng.TestRunner@5017e1]]>
              </value>
            </param>
          </params>
          <reporter-output>
          </reporter-output>
        </test-method> <!-- setUpClass -->
        <test-method is-config="true" signature="setup()[pri:0, instance:Runner.Runner@1ce24091]" started-at="2024-07-24T23:09:13 IST" name="setup" finished-at="2024-07-24T23:09:13 IST" duration-ms="13" status="PASS">
          <reporter-output>
          </reporter-output>
        </test-method> <!-- setup -->
        <test-method signature="runScenario(io.cucumber.testng.PickleWrapper,io.cucumber.testng.FeatureWrapper)[pri:0, instance:Runner.Runner@1ce24091]" started-at="2024-07-24T23:09:13 IST" name="runScenario" description="Runs Cucumber Scenarios" data-provider="scenarios" finished-at="2024-07-24T23:09:26 IST" duration-ms="12928" status="PASS">
          <params>
            <param index="0">
              <value>
                <![CDATA["Verify the login funtionality with empty fields of username and password"]]>
              </value>
            </param>
            <param index="1">
              <value>
                <![CDATA["Feature to test the login and logout functionality as an existing user"]]>
              </value>
            </param>
          </params>
          <reporter-output>
          </reporter-output>
        </test-method> <!-- runScenario -->
        <test-method signature="runScenario(io.cucumber.testng.PickleWrapper,io.cucumber.testng.FeatureWrapper)[pri:0, instance:Runner.Runner@1ce24091]" started-at="2024-07-24T23:09:26 IST" name="runScenario" description="Runs Cucumber Scenarios" data-provider="scenarios" finished-at="2024-07-24T23:09:43 IST" duration-ms="17432" status="PASS">
          <params>
            <param index="0">
              <value>
                <![CDATA["Verify the login functionality with empty username field and valid password"]]>
              </value>
            </param>
            <param index="1">
              <value>
                <![CDATA["Feature to test the login and logout functionality as an existing user"]]>
              </value>
            </param>
          </params>
          <reporter-output>
          </reporter-output>
        </test-method> <!-- runScenario -->
        <test-method is-config="true" signature="tearDownClass()[pri:0, instance:Runner.Runner@1ce24091]" started-at="2024-07-24T23:09:43 IST" name="tearDownClass" finished-at="2024-07-24T23:09:44 IST" duration-ms="505" status="PASS">
          <reporter-output>
          </reporter-output>
        </test-method> <!-- tearDownClass -->
      </class> <!-- Runner.Runner -->
    </test> <!-- Default test -->
  </suite> <!-- Default suite -->
</testng-results>
