<?xml version="1.0" encoding="UTF-8"?>
<testng-results ignored="0" total="4" passed="4" failed="0" skipped="0">
  <reporter-output>
  </reporter-output>
  <suite started-at="2024-07-26T23:18:57 IST" name="Default suite" finished-at="2024-07-26T23:19:12 IST" duration-ms="15672">
    <groups>
      <group name="cucumber">
        <method signature="AbstractTestNGCucumberTests.runScenario(io.cucumber.testng.PickleWrapper,io.cucumber.testng.FeatureWrapper)[pri:0, instance:Runner.Runner@5dda768f]" name="runScenario" class="io.cucumber.testng.AbstractTestNGCucumberTests"/>
      </group> <!-- cucumber -->
    </groups>
    <test started-at="2024-07-26T23:18:57 IST" name="Default test" finished-at="2024-07-26T23:19:12 IST" duration-ms="15672">
      <class name="Runner.Runner">
        <test-method is-config="true" signature="setUpClass(org.testng.ITestContext)[pri:0, instance:Runner.Runner@5dda768f]" started-at="2024-07-26T23:18:57 IST" name="setUpClass" finished-at="2024-07-26T23:18:57 IST" duration-ms="208" status="PASS">
          <params>
            <param index="0">
              <value>
                <![CDATA[org.testng.TestRunner@2a066689]]>
              </value>
            </param>
          </params>
          <reporter-output>
          </reporter-output>
        </test-method> <!-- setUpClass -->
        <test-method is-config="true" signature="setup()[pri:0, instance:Runner.Runner@5dda768f]" started-at="2024-07-26T23:18:57 IST" name="setup" finished-at="2024-07-26T23:19:01 IST" duration-ms="3616" status="PASS">
          <reporter-output>
          </reporter-output>
        </test-method> <!-- setup -->
        <test-method signature="runScenario(io.cucumber.testng.PickleWrapper,io.cucumber.testng.FeatureWrapper)[pri:0, instance:Runner.Runner@5dda768f]" started-at="2024-07-26T23:19:01 IST" name="runScenario" description="Runs Cucumber Scenarios" data-provider="scenarios" finished-at="2024-07-26T23:19:07 IST" duration-ms="6407" status="PASS">
          <params>
            <param index="0">
              <value>
                <![CDATA["Verify the login funtionality with empty fields of username and password"]]>
              </value>
            </param>
            <param index="1">
              <value>
                <![CDATA["Feature to test the login and logout functionality as an existing user"]]>
              </value>
            </param>
          </params>
          <reporter-output>
          </reporter-output>
        </test-method> <!-- runScenario -->
        <test-method signature="runScenario(io.cucumber.testng.PickleWrapper,io.cucumber.testng.FeatureWrapper)[pri:0, instance:Runner.Runner@5dda768f]" started-at="2024-07-26T23:19:07 IST" name="runScenario" description="Runs Cucumber Scenarios" data-provider="scenarios" finished-at="2024-07-26T23:19:08 IST" duration-ms="1072" status="PASS">
          <params>
            <param index="0">
              <value>
                <![CDATA["Verify the login functionality with empty username field and valid password"]]>
              </value>
            </param>
            <param index="1">
              <value>
                <![CDATA["Feature to test the login and logout functionality as an existing user"]]>
              </value>
            </param>
          </params>
          <reporter-output>
          </reporter-output>
        </test-method> <!-- runScenario -->
        <test-method signature="runScenario(io.cucumber.testng.PickleWrapper,io.cucumber.testng.FeatureWrapper)[pri:0, instance:Runner.Runner@5dda768f]" started-at="2024-07-26T23:19:08 IST" name="runScenario" description="Runs Cucumber Scenarios" data-provider="scenarios" finished-at="2024-07-26T23:19:09 IST" duration-ms="1000" status="PASS">
          <params>
            <param index="0">
              <value>
                <![CDATA["Verify the login functionality with empty password field and valid username"]]>
              </value>
            </param>
            <param index="1">
              <value>
                <![CDATA["Feature to test the login and logout functionality as an existing user"]]>
              </value>
            </param>
          </params>
          <reporter-output>
          </reporter-output>
        </test-method> <!-- runScenario -->
        <test-method signature="runScenario(io.cucumber.testng.PickleWrapper,io.cucumber.testng.FeatureWrapper)[pri:0, instance:Runner.Runner@5dda768f]" started-at="2024-07-26T23:19:09 IST" name="runScenario" description="Runs Cucumber Scenarios" data-provider="scenarios" finished-at="2024-07-26T23:19:11 IST" duration-ms="2245" status="PASS">
          <params>
            <param index="0">
              <value>
                <![CDATA["Verify the login functionality with Invalid username and valid password"]]>
              </value>
            </param>
            <param index="1">
              <value>
                <![CDATA["Feature to test the login and logout functionality as an existing user"]]>
              </value>
            </param>
          </params>
          <reporter-output>
          </reporter-output>
        </test-method> <!-- runScenario -->
        <test-method is-config="true" signature="teaDown()[pri:0, instance:Runner.Runner@5dda768f]" started-at="2024-07-26T23:19:11 IST" name="teaDown" finished-at="2024-07-26T23:19:12 IST" duration-ms="783" status="PASS">
          <reporter-output>
          </reporter-output>
        </test-method> <!-- teaDown -->
        <test-method is-config="true" signature="tearDownClass()[pri:0, instance:Runner.Runner@5dda768f]" started-at="2024-07-26T23:19:12 IST" name="tearDownClass" finished-at="2024-07-26T23:19:12 IST" duration-ms="283" status="PASS">
          <reporter-output>
          </reporter-output>
        </test-method> <!-- tearDownClass -->
      </class> <!-- Runner.Runner -->
    </test> <!-- Default test -->
  </suite> <!-- Default suite -->
</testng-results>
