<?xml version="1.0" encoding="UTF-8"?>
<!-- Generated by org.testng.reporters.JUnitReportReporter -->
<testsuite hostname="LAPTOP-0TNBCBLL" failures="0" tests="1" name="Runner.Runner" time="0.072" errors="1" timestamp="2024-07-23T14:40:55 IST" skipped="0">
  <testcase classname="Runner.Runner" name="runScenario" time="0.072">
    <error message="Cannot invoke &quot;org.openqa.selenium.WebDriver.get(String)&quot; because &quot;Utility.WebDriverHelper.driver&quot; is null" type="java.lang.NullPointerException">
      <![CDATA[java.lang.NullPointerException: Cannot invoke "org.openqa.selenium.WebDriver.get(String)" because "Utility.WebDriverHelper.driver" is null
at Utility.WebDriverHelper.getURL(WebDriverHelper.java:43)
at StepDefinitions.LoginLogoutStepDefinitions.Open_the_URL_as(LoginLogoutStepDefinitions.java:22)
at ✽.Open the URL as "url_OrangeHRM"(file:///D:/Automation/LearnJava/OrangeHRM/src/test/resources/Features/login.feature:7)
]]>
    </error>
  </testcase> <!-- runScenario -->
</testsuite> <!-- Runner.Runner -->
